2025-03-30 17:59:08,015 - root - ERROR - 壁纸适配失败: function takes at most 3 arguments (4 given)
2025-03-30 18:08:32,041 - root - ERROR - 壁纸适配失败: function takes at most 3 arguments (4 given)
2025-03-30 18:08:48,060 - root - ERROR - 壁纸适配失败: function takes at most 3 arguments (4 given)
2025-03-30 18:26:18,420 - root - WARNING - Mica效果不可用: argument 1: TypeError: Don't know how to convert parameter 1
2025-03-30 18:26:18,768 - root - ERROR - 壁纸适配失败: function takes at most 3 arguments (4 given)
2025-03-30 18:26:48,014 - root - WARNING - Mica效果不可用: argument 1: TypeError: Don't know how to convert parameter 1
2025-03-30 18:26:48,522 - root - ERROR - 壁纸适配失败: function takes at most 3 arguments (4 given)
2025-03-30 18:28:21,025 - root - WARNING - Mica效果不可用: argument 1: TypeError: Don't know how to convert parameter 1
2025-03-30 18:28:21,375 - root - ERROR - 壁纸适配失败: function takes at most 3 arguments (4 given)
2025-03-30 18:28:34,660 - root - WARNING - Mica效果不可用: argument 1: TypeError: Don't know how to convert parameter 1
2025-03-30 18:28:34,952 - root - ERROR - 壁纸适配失败: function takes at most 3 arguments (4 given)
2025-03-30 18:29:15,653 - root - WARNING - Mica效果不可用: argument 1: TypeError: Don't know how to convert parameter 1
2025-03-30 18:29:15,982 - root - ERROR - 壁纸适配失败: function takes at most 3 arguments (4 given)
2025-03-30 18:31:03,920 - root - WARNING - Mica效果不可用: argument 1: TypeError: Don't know how to convert parameter 1
2025-03-30 18:31:04,297 - root - ERROR - 壁纸适配失败: function takes at most 3 arguments (4 given)
2025-03-30 18:32:41,524 - root - WARNING - Mica效果不可用: argument 1: TypeError: Don't know how to convert parameter 1
2025-03-30 18:32:41,954 - root - ERROR - 壁纸适配失败: function takes at most 3 arguments (4 given)
2025-03-30 18:33:41,086 - root - WARNING - Mica效果不可用: cannot be converted to pointer
2025-03-30 18:33:41,498 - root - ERROR - 壁纸适配失败: function takes at most 3 arguments (4 given)
2025-03-30 18:35:23,709 - root - WARNING - Mica效果不可用: cannot be converted to pointer
2025-03-30 18:35:24,179 - root - ERROR - 壁纸适配失败: function takes at most 3 arguments (4 given)
2025-03-30 18:35:33,182 - root - WARNING - Mica效果不可用: cannot be converted to pointer
2025-03-30 18:35:33,505 - root - ERROR - 壁纸适配失败: function takes at most 3 arguments (4 given)
2025-03-30 18:36:33,297 - root - WARNING - Mica效果不可用: cannot be converted to pointer
2025-03-30 18:36:33,715 - root - ERROR - 壁纸适配失败: function takes at most 3 arguments (4 given)
2025-03-30 18:39:17,238 - root - WARNING - Mica效果不可用: cannot be converted to pointer
2025-03-30 18:39:17,615 - root - ERROR - 壁纸适配失败: function takes at most 3 arguments (4 given)
2025-03-30 18:41:02,502 - root - WARNING - Mica效果不可用: argument 1: TypeError: Don't know how to convert parameter 1
2025-03-30 18:41:02,948 - root - ERROR - 壁纸适配失败: function takes at most 3 arguments (4 given)
2025-03-30 18:42:01,269 - root - WARNING - Mica效果不可用: argument 1: TypeError: Don't know how to convert parameter 1
2025-03-30 18:42:01,506 - root - ERROR - 壁纸适配失败: function takes at most 3 arguments (4 given)
2025-03-30 18:42:33,351 - root - WARNING - Mica效果不可用: argument 1: TypeError: Don't know how to convert parameter 1
2025-03-30 18:42:33,816 - root - ERROR - 壁纸适配失败: function takes at most 3 arguments (4 given)
2025-03-30 18:44:25,609 - root - WARNING - Mica效果不可用: argument 1: TypeError: Don't know how to convert parameter 1
2025-03-30 18:44:25,887 - root - ERROR - 壁纸适配失败: function takes at most 3 arguments (4 given)
2025-03-30 18:45:16,343 - root - WARNING - Mica效果不可用: argument 1: TypeError: Don't know how to convert parameter 1
2025-03-30 18:45:16,714 - root - ERROR - 壁纸适配失败: function takes at most 3 arguments (4 given)
2025-03-30 18:45:49,450 - root - WARNING - Mica效果不可用: argument 1: TypeError: Don't know how to convert parameter 1
2025-03-30 18:45:49,841 - root - ERROR - 壁纸适配失败: function takes at most 3 arguments (4 given)
2025-03-30 18:47:49,005 - root - WARNING - Mica效果不可用: argument 1: TypeError: Don't know how to convert parameter 1
2025-03-30 18:47:49,355 - root - ERROR - 壁纸适配失败: function takes at most 3 arguments (4 given)
2025-03-30 18:49:31,028 - root - WARNING - Mica效果不可用: argument 1: TypeError: Don't know how to convert parameter 1
2025-03-30 18:49:31,462 - root - ERROR - 壁纸适配失败: function takes at most 3 arguments (4 given)
2025-03-30 18:56:56,318 - root - WARNING - Mica效果不可用: argument 1: TypeError: Don't know how to convert parameter 1
2025-03-30 18:56:56,734 - root - ERROR - 壁纸适配失败: function takes at most 3 arguments (4 given)
2025-03-30 19:07:06,926 - root - WARNING - Mica效果不可用: argument 1: TypeError: Don't know how to convert parameter 1
2025-03-30 19:07:07,397 - root - ERROR - 壁纸适配失败: function takes at most 3 arguments (4 given)
2025-03-30 19:08:44,686 - root - WARNING - Mica效果不可用: argument 1: TypeError: Don't know how to convert parameter 1
2025-03-30 19:08:45,197 - root - ERROR - 壁纸适配失败: function takes at most 3 arguments (4 given)
2025-03-30 19:10:48,210 - root - WARNING - Mica效果不可用: argument 1: TypeError: Don't know how to convert parameter 1
2025-03-30 19:10:48,559 - root - ERROR - 壁纸适配失败: function takes at most 3 arguments (4 given)
2025-03-30 19:16:44,770 - root - WARNING - Mica效果不可用: argument 1: TypeError: Don't know how to convert parameter 1
2025-03-30 19:17:09,849 - root - WARNING - Mica效果不可用: argument 1: TypeError: Don't know how to convert parameter 1
2025-03-30 19:17:32,856 - root - WARNING - Mica效果不可用: argument 1: TypeError: Don't know how to convert parameter 1
2025-03-30 19:17:33,273 - root - ERROR - 壁纸适配失败: function takes at most 3 arguments (4 given)
2025-03-30 19:22:41,194 - root - WARNING - Mica效果不可用: argument 1: TypeError: Don't know how to convert parameter 1
2025-03-30 19:23:07,064 - root - WARNING - Mica效果不可用: argument 1: TypeError: Don't know how to convert parameter 1
2025-03-30 19:23:33,661 - root - WARNING - Mica效果不可用: argument 1: TypeError: Don't know how to convert parameter 1
2025-03-30 19:24:05,099 - root - WARNING - Mica效果不可用: argument 1: TypeError: Don't know how to convert parameter 1
2025-03-30 19:25:07,157 - root - WARNING - Mica效果不可用: argument 1: TypeError: Don't know how to convert parameter 1
2025-03-30 19:38:54,524 - root - WARNING - Mica效果不可用: argument 1: TypeError: Don't know how to convert parameter 1
2025-03-30 19:39:39,300 - root - WARNING - Mica效果不可用: argument 1: TypeError: Don't know how to convert parameter 1
2025-03-30 19:39:39,671 - root - ERROR - 壁纸适配失败: function takes at most 3 arguments (4 given)
2025-03-30 19:52:30,743 - root - WARNING - Mica效果不可用: argument 1: TypeError: Don't know how to convert parameter 1
2025-03-30 19:53:30,719 - root - WARNING - Mica效果不可用: argument 1: TypeError: Don't know how to convert parameter 1
2025-03-30 19:53:49,912 - root - WARNING - Mica效果不可用: argument 1: TypeError: Don't know how to convert parameter 1
2025-03-30 19:53:50,270 - root - ERROR - 壁纸适配失败: function takes at most 3 arguments (4 given)
2025-03-30 19:58:24,906 - root - WARNING - Mica效果不可用: argument 1: TypeError: Don't know how to convert parameter 1
2025-03-30 19:58:39,155 - root - WARNING - Mica效果不可用: argument 1: TypeError: Don't know how to convert parameter 1
2025-03-30 19:58:55,939 - root - WARNING - Mica效果不可用: argument 1: TypeError: Don't know how to convert parameter 1
2025-03-30 19:59:20,268 - root - WARNING - Mica效果不可用: argument 1: TypeError: Don't know how to convert parameter 1
2025-03-30 19:59:20,615 - root - ERROR - 壁纸适配失败: function takes at most 3 arguments (4 given)
2025-03-30 20:03:40,197 - root - WARNING - Mica效果不可用: argument 1: TypeError: Don't know how to convert parameter 1
2025-03-30 20:03:40,559 - root - ERROR - 壁纸适配失败: function takes at most 3 arguments (4 given)
2025-03-30 20:06:05,013 - root - WARNING - Mica效果不可用: argument 1: TypeError: Don't know how to convert parameter 1
2025-03-30 20:06:05,464 - root - ERROR - 壁纸适配失败: function takes at most 3 arguments (4 given)
2025-03-30 20:08:44,890 - root - WARNING - Mica效果不可用: argument 1: TypeError: Don't know how to convert parameter 1
2025-03-30 20:08:45,343 - root - ERROR - 壁纸适配失败: function takes at most 3 arguments (4 given)
2025-03-30 20:10:26,594 - root - WARNING - Mica效果不可用: argument 1: TypeError: Don't know how to convert parameter 1
2025-03-30 20:10:27,087 - root - ERROR - 壁纸适配失败: function takes at most 3 arguments (4 given)
2025-03-30 20:12:11,815 - root - WARNING - Mica效果不可用: argument 1: TypeError: Don't know how to convert parameter 1
2025-03-30 20:12:12,333 - root - ERROR - 壁纸适配失败: function takes at most 3 arguments (4 given)
2025-03-30 20:14:28,003 - root - WARNING - Mica效果不可用: argument 1: TypeError: Don't know how to convert parameter 1
2025-03-30 20:14:28,481 - root - ERROR - 壁纸适配失败: function takes at most 3 arguments (4 given)
2025-03-30 20:17:17,423 - root - WARNING - Mica效果不可用: argument 1: TypeError: Don't know how to convert parameter 1
2025-03-30 20:17:17,943 - root - ERROR - 壁纸适配失败: function takes at most 3 arguments (4 given)
2025-03-30 20:20:21,448 - root - WARNING - Mica效果不可用: argument 1: TypeError: Don't know how to convert parameter 1
2025-03-30 20:20:21,450 - root - INFO - 尝试加载托盘图标路径: C:\Users\ziyih\Desktop\SCS\img\icon.svg
2025-03-30 20:20:21,709 - root - INFO - 托盘图标加载成功
2025-03-30 20:20:21,726 - root - ERROR - 壁纸适配失败: function takes at most 3 arguments (4 given)
2025-03-30 20:22:17,821 - root - WARNING - Mica效果不可用: argument 1: TypeError: Don't know how to convert parameter 1
2025-03-30 20:22:17,829 - root - INFO - 尝试加载托盘图标路径: C:\Users\ziyih\Desktop\SCS\img\icon.svg
2025-03-30 20:22:18,258 - root - INFO - 托盘图标加载成功
2025-03-30 20:22:18,276 - root - ERROR - 壁纸适配失败: function takes at most 3 arguments (4 given)
2025-03-30 20:23:47,233 - root - WARNING - Mica效果不可用: argument 1: TypeError: Don't know how to convert parameter 1
2025-03-30 20:23:47,236 - root - INFO - 尝试加载托盘图标路径: C:\Users\ziyih\Desktop\SCS\img\icon.svg
2025-03-30 20:23:47,641 - root - INFO - 托盘图标加载成功
2025-03-30 20:23:47,658 - root - ERROR - 壁纸适配失败: function takes at most 3 arguments (4 given)
2025-03-30 20:26:06,164 - root - WARNING - Mica效果不可用: argument 1: TypeError: Don't know how to convert parameter 1
2025-03-30 20:26:06,167 - root - INFO - 尝试加载托盘图标路径: C:\Users\ziyih\Desktop\SCS\img\icon.svg
2025-03-30 20:26:06,553 - root - INFO - 托盘图标加载成功: C:\Users\ziyih\Desktop\SCS\img\icon.svg
2025-03-30 20:26:06,570 - root - ERROR - 壁纸适配失败: function takes at most 3 arguments (4 given)
2025-03-30 20:27:16,076 - root - WARNING - Mica效果不可用: argument 1: TypeError: Don't know how to convert parameter 1
2025-03-30 20:27:16,092 - root - INFO - 应用窗口不透明度: 0.78
2025-03-30 20:27:16,093 - root - INFO - 尝试加载托盘图标路径: C:\Users\ziyih\Desktop\SCS\img\icon.svg
2025-03-30 20:27:16,253 - root - INFO - 托盘图标加载成功: C:\Users\ziyih\Desktop\SCS\img\icon.svg
2025-03-30 20:27:16,267 - root - ERROR - 壁纸适配失败: function takes at most 3 arguments (4 given)
2025-03-30 20:46:20,557 - root - WARNING - Mica效果不可用: argument 1: TypeError: Don't know how to convert parameter 1
2025-03-30 20:46:20,561 - root - INFO - 应用窗口不透明度: 0.78
2025-03-30 20:46:20,571 - root - INFO - 尝试加载托盘图标路径: C:\Users\ziyih\Desktop\SCS\img\icon.svg
2025-03-30 20:46:21,106 - root - INFO - 托盘图标加载成功: C:\Users\ziyih\Desktop\SCS\img\icon.svg
2025-03-30 20:46:21,190 - root - ERROR - 壁纸适配失败: function takes at most 3 arguments (4 given)
2025-04-01 21:06:58,641 - root - WARNING - Mica效果不可用: argument 1: TypeError: Don't know how to convert parameter 1
2025-04-01 21:06:58,655 - root - INFO - 应用窗口不透明度: 0.38
2025-04-01 21:06:58,671 - root - INFO - 尝试加载托盘图标路径: C:\Users\ziyih\Desktop\SCS\img\icon.svg
2025-04-01 21:06:59,526 - root - INFO - 托盘图标加载成功: C:\Users\ziyih\Desktop\SCS\img\icon.svg
2025-04-01 21:06:59,830 - root - ERROR - 壁纸适配失败: function takes at most 3 arguments (4 given)
2025-04-02 14:23:45,035 - root - WARNING - Mica效果不可用: argument 1: TypeError: Don't know how to convert parameter 1
2025-04-02 14:23:45,040 - root - INFO - 应用窗口不透明度: 0.38
2025-04-02 14:23:45,044 - root - INFO - 尝试加载托盘图标路径: C:\Users\ziyih\Desktop\SCS\img\icon.svg
2025-04-02 14:23:45,372 - root - INFO - 托盘图标加载成功: C:\Users\ziyih\Desktop\SCS\img\icon.svg
2025-04-02 14:23:45,408 - root - ERROR - 壁纸适配失败: function takes at most 3 arguments (4 given)
